mars 06, 2018 11:47:05 AM fr.eni.cliniqueveterinaire.log.LogFileTxt createLog
INFOS: Personnel supprimé
mars 06, 2018 1:59:31 PM fr.eni.cliniqueveterinaire.log.LogFileTxt createLog
INFOS: Personnel supprimé
mars 06, 2018 2:05:07 PM fr.eni.cliniqueveterinaire.log.LogFileTxt createLog
INFOS: Rendez-vous ajoute : Code vetérinaire : 2 , Date : Tue Mar 06 14:45:00 CET 2018 , CodeAnimal : 12
mars 06, 2018 2:05:39 PM fr.eni.cliniqueveterinaire.log.LogFileTxt createLog
INFOS: Rendez-vous supprime : Code vetérinaire : 2 , Date : Tue Mar 06 07:45:00 CET 2018 , CodeAnimal : 12
mars 06, 2018 3:27:34 PM fr.eni.cliniqueveterinaire.log.LogFileTxt createLog
INFOS: Rendez-vous ajouté : Code vétérinaire : 2 , Date rendez-vous : Thu Mar 08 13:00:00 CET 2018 , CodeAnimal : 12
mars 06, 2018 3:27:46 PM fr.eni.cliniqueveterinaire.log.LogFileTxt createLog
INFOS: Rendez-vous ajouté : Code vétérinaire : 2 , Date rendez-vous : Thu Mar 08 14:00:00 CET 2018 , CodeAnimal : 12
mars 06, 2018 3:28:19 PM fr.eni.cliniqueveterinaire.log.LogFileTxt createLog
INFOS: Rendez-vous ajouté : Code vétérinaire : 2 , Date rendez-vous : Tue Mar 06 18:00:00 CET 2018 , CodeAnimal : 16
mars 06, 2018 3:59:50 PM fr.eni.cliniqueveterinaire.log.LogFileTxt createLog
INFOS: ergdmqgomeqrhgom mdfmo a été ajouté
mars 06, 2018 4:07:49 PM fr.eni.cliniqueveterinaire.log.LogFileTxt createLog
GRAVE: Couche DAL - selectRdvVeterinaire failed - 
mars 06, 2018 4:12:13 PM fr.eni.cliniqueveterinaire.log.LogFileTxt createLog
INFOS: ergdmqgomeqrhgom mdfmo a été supprimé
mars 06, 2018 4:17:38 PM fr.eni.cliniqueveterinaire.log.LogFileTxt createLog
INFOS: Le mot de passe de admin admin a été réinitialisé
mars 06, 2018 4:19:59 PM fr.eni.cliniqueveterinaire.log.LogFileTxt createLog
GRAVE: Ce vétérinaire a encore des rendez-vous.
mars 06, 2018 4:27:49 PM fr.eni.cliniqueveterinaire.log.LogFileTxt createLog
INFOS: Le mot de passe de admin admin a été réinitialisé
mars 06, 2018 4:28:12 PM fr.eni.cliniqueveterinaire.log.LogFileTxt createLog
AVERTISSEMENT: Impossible de supprimer le veterinaire vet vet Ce vétérinaire a encore des rendez-vous.
mars 06, 2018 4:33:00 PM fr.eni.cliniqueveterinaire.log.LogFileTxt createLog
INFOS: Le mot de passe de admin admin a été réinitialisé
mars 06, 2018 4:33:07 PM fr.eni.cliniqueveterinaire.log.LogFileTxt createLog
INFOS: Le mot de passe de admin admin a été réinitialisé
mars 06, 2018 4:34:08 PM fr.eni.cliniqueveterinaire.log.LogFileTxt createLog
INFOS: Le mot de passe de admin admin a été réinitialisé
mars 06, 2018 4:34:25 PM fr.eni.cliniqueveterinaire.log.LogFileTxt createLog
INFOS: Le mot de passe de admin admin a été réinitialisé
